<?xml version="1.0" encoding="UTF-8"?>
<!-- Generated by org.testng.reporters.JUnitXMLReporter -->
<testsuite ignored="0" hostname="DESKTOP-V5DK38T" failures="0" tests="4" name="Default test" time="12.122" errors="0" timestamp="2024-11-26T20:44:24 IST">
  <testcase classname="api.tests.UserTests" name="testPostUser" time="4.167"/>
  <testcase classname="api.tests.UserTests" name="testGetUserByName" time="1.63"/>
  <testcase classname="api.tests.UserTests" name="testUpdateUserByName" time="3.215"/>
  <testcase classname="api.tests.UserTests" name="testDeleteUserByName" time="1.57"/>
</testsuite> <!-- Default test -->
