<?xml version="1.0" encoding="UTF-8"?>
<testng-results ignored="0" total="4" passed="4" failed="0" skipped="0">
  <reporter-output>
  </reporter-output>
  <suite started-at="2024-11-27T16:46:09 IST" name="PetStoreSuite" finished-at="2024-11-27T16:46:24 IST" duration-ms="15381">
    <groups>
    </groups>
    <test started-at="2024-11-27T16:46:09 IST" name="PetStoreTest" finished-at="2024-11-27T16:46:24 IST" duration-ms="15381">
      <class name="api.tests.UserTests">
        <test-method is-config="true" signature="setupData()[pri:0, instance:api.tests.UserTests@4b0d79fc]" started-at="2024-11-27T16:46:10 IST" name="setupData" finished-at="2024-11-27T16:46:12 IST" duration-ms="2076" status="PASS">
          <reporter-output>
          </reporter-output>
        </test-method> <!-- setupData -->
        <test-method signature="testPostUser()[pri:1, instance:api.tests.UserTests@4b0d79fc]" started-at="2024-11-27T16:46:12 IST" name="testPostUser" finished-at="2024-11-27T16:46:18 IST" duration-ms="6067" status="PASS">
          <reporter-output>
          </reporter-output>
        </test-method> <!-- testPostUser -->
        <test-method signature="testGetUserByName()[pri:2, instance:api.tests.UserTests@4b0d79fc]" started-at="2024-11-27T16:46:18 IST" name="testGetUserByName" finished-at="2024-11-27T16:46:20 IST" duration-ms="1629" status="PASS">
          <reporter-output>
          </reporter-output>
        </test-method> <!-- testGetUserByName -->
        <test-method signature="testUpdateUserByName()[pri:3, instance:api.tests.UserTests@4b0d79fc]" started-at="2024-11-27T16:46:20 IST" name="testUpdateUserByName" finished-at="2024-11-27T16:46:23 IST" duration-ms="3318" status="PASS">
          <reporter-output>
          </reporter-output>
        </test-method> <!-- testUpdateUserByName -->
        <test-method signature="testDeleteUserByName()[pri:4, instance:api.tests.UserTests@4b0d79fc]" started-at="2024-11-27T16:46:23 IST" name="testDeleteUserByName" finished-at="2024-11-27T16:46:24 IST" duration-ms="1630" status="PASS">
          <reporter-output>
          </reporter-output>
        </test-method> <!-- testDeleteUserByName -->
      </class> <!-- api.tests.UserTests -->
    </test> <!-- PetStoreTest -->
  </suite> <!-- PetStoreSuite -->
</testng-results>
