<?xml version="1.0" encoding="UTF-8"?>
<testng-results ignored="0" total="4" passed="4" failed="0" skipped="0">
  <reporter-output>
  </reporter-output>
  <suite started-at="2024-11-27T16:46:44 IST" name="PetStoreSuite" finished-at="2024-11-27T16:47:00 IST" duration-ms="15406">
    <groups>
    </groups>
    <test started-at="2024-11-27T16:46:44 IST" name="PetStoreTest" finished-at="2024-11-27T16:47:00 IST" duration-ms="15406">
      <class name="api.tests.UserTests">
        <test-method is-config="true" signature="setupData()[pri:0, instance:api.tests.UserTests@550dbc7a]" started-at="2024-11-27T16:46:45 IST" name="setupData" finished-at="2024-11-27T16:46:46 IST" duration-ms="1289" status="PASS">
          <reporter-output>
          </reporter-output>
        </test-method> <!-- setupData -->
        <test-method signature="testPostUser()[pri:1, instance:api.tests.UserTests@550dbc7a]" started-at="2024-11-27T16:46:46 IST" name="testPostUser" finished-at="2024-11-27T16:46:53 IST" duration-ms="6205" status="PASS">
          <reporter-output>
          </reporter-output>
        </test-method> <!-- testPostUser -->
        <test-method signature="testGetUserByName()[pri:2, instance:api.tests.UserTests@550dbc7a]" started-at="2024-11-27T16:46:53 IST" name="testGetUserByName" finished-at="2024-11-27T16:46:54 IST" duration-ms="1700" status="PASS">
          <reporter-output>
          </reporter-output>
        </test-method> <!-- testGetUserByName -->
        <test-method signature="testUpdateUserByName()[pri:3, instance:api.tests.UserTests@550dbc7a]" started-at="2024-11-27T16:46:54 IST" name="testUpdateUserByName" finished-at="2024-11-27T16:46:58 IST" duration-ms="3562" status="PASS">
          <reporter-output>
          </reporter-output>
        </test-method> <!-- testUpdateUserByName -->
        <test-method signature="testDeleteUserByName()[pri:4, instance:api.tests.UserTests@550dbc7a]" started-at="2024-11-27T16:46:58 IST" name="testDeleteUserByName" finished-at="2024-11-27T16:47:00 IST" duration-ms="1690" status="PASS">
          <reporter-output>
          </reporter-output>
        </test-method> <!-- testDeleteUserByName -->
      </class> <!-- api.tests.UserTests -->
    </test> <!-- PetStoreTest -->
  </suite> <!-- PetStoreSuite -->
</testng-results>
