<?xml version="1.0" encoding="UTF-8"?>
<!-- Generated by org.testng.reporters.JUnitXMLReporter -->
<testsuite ignored="0" hostname="DESKTOP-V5DK38T" failures="0" tests="4" name="PetStoreTest" time="15.406" errors="0" timestamp="2024-11-27T16:47:00 IST">
  <testcase classname="api.tests.UserTests" name="testPostUser" time="6.205"/>
  <testcase classname="api.tests.UserTests" name="testGetUserByName" time="1.7"/>
  <testcase classname="api.tests.UserTests" name="testUpdateUserByName" time="3.562"/>
  <testcase classname="api.tests.UserTests" name="testDeleteUserByName" time="1.69"/>
</testsuite> <!-- PetStoreTest -->
